c:\users\dasuhubd\source\repos\raleigh-triangle-index\raleigh-triangle-index\debug\raleigh-triangle-index.pch
c:\users\dasuhubd\source\repos\raleigh-triangle-index\raleigh-triangle-index\debug\vc140.pdb
c:\users\dasuhubd\source\repos\raleigh-triangle-index\raleigh-triangle-index\debug\vc140.idb
c:\users\dasuhubd\source\repos\raleigh-triangle-index\raleigh-triangle-index\debug\stdafx.obj
c:\users\dasuhubd\source\repos\raleigh-triangle-index\raleigh-triangle-index\debug\input.obj
c:\users\dasuhubd\source\repos\raleigh-triangle-index\raleigh-triangle-index\debug\output.obj
c:\users\dasuhubd\source\repos\raleigh-triangle-index\raleigh-triangle-index\debug\processing.obj
c:\users\dasuhubd\source\repos\raleigh-triangle-index\raleigh-triangle-index\debug\raleigh-triangle-index.obj
c:\users\dasuhubd\documents\visual studio 2015\projects\raleigh-triangle-index\raleigh-triangle-index\debug\raleigh-triangle-index.pch
c:\users\dasuhubd\documents\visual studio 2015\projects\raleigh-triangle-index\raleigh-triangle-index\debug\vc140.pdb
c:\users\dasuhubd\documents\visual studio 2015\projects\raleigh-triangle-index\raleigh-triangle-index\debug\vc140.idb
c:\users\dasuhubd\documents\visual studio 2015\projects\raleigh-triangle-index\raleigh-triangle-index\debug\stdafx.obj
c:\users\dasuhubd\documents\visual studio 2015\projects\raleigh-triangle-index\raleigh-triangle-index\debug\output.obj
c:\users\dasuhubd\documents\visual studio 2015\projects\raleigh-triangle-index\raleigh-triangle-index\debug\processing.obj
c:\users\dasuhubd\source\repos\raleigh-triangle-index\debug\raleigh-triangle-index.ilk
c:\users\dasuhubd\source\repos\raleigh-triangle-index\debug\raleigh-triangle-index.exe
c:\users\dasuhubd\source\repos\raleigh-triangle-index\debug\raleigh-triangle-index.pdb
c:\users\dasuhubd\documents\visual studio 2015\projects\raleigh-triangle-index\debug\raleigh-triangle-index.pdb
c:\users\dasuhubd\documents\visual studio 2015\projects\raleigh-triangle-index\debug\raleigh-triangle-index.exe
c:\users\dasuhubd\documents\visual studio 2015\projects\raleigh-triangle-index\debug\raleigh-triangle-index.ilk
c:\users\dasuhubd\documents\visual studio 2015\projects\raleigh-triangle-index\raleigh-triangle-index\debug\raleigh-.5e17af13.tlog\cl.command.1.tlog
c:\users\dasuhubd\documents\visual studio 2015\projects\raleigh-triangle-index\raleigh-triangle-index\debug\raleigh-.5e17af13.tlog\cl.read.1.tlog
c:\users\dasuhubd\documents\visual studio 2015\projects\raleigh-triangle-index\raleigh-triangle-index\debug\raleigh-.5e17af13.tlog\cl.write.1.tlog
c:\users\dasuhubd\documents\visual studio 2015\projects\raleigh-triangle-index\raleigh-triangle-index\debug\raleigh-.5e17af13.tlog\link.command.1.tlog
c:\users\dasuhubd\documents\visual studio 2015\projects\raleigh-triangle-index\raleigh-triangle-index\debug\raleigh-.5e17af13.tlog\link.read.1.tlog
c:\users\dasuhubd\documents\visual studio 2015\projects\raleigh-triangle-index\raleigh-triangle-index\debug\raleigh-.5e17af13.tlog\link.write.1.tlog
